2025-11-27 00:21:53,604 - VoiceChat - INFO - 🚀 启动语音对话API服务器，端口: 5004
INFO:     Started server process [39955]
INFO:     Waiting for application startup.
INFO:     Application startup complete.
INFO:     Uvicorn running on http://0.0.0.0:5004 (Press CTRL+C to quit)
2025-11-27 00:21:55,618 - VoiceChat - INFO - 🤖 配置已启用，自动启动语音对话...
2025-11-27 00:21:55,627 - VoiceChat - WARNING - ⚠️ 长时记忆服务未运行
2025-11-27 00:21:55,628 - VoiceChat - INFO - ✅ 加载唤醒回复音频缓存: 哎呦，谁在叫我呀？
2025-11-27 00:21:55,628 - VoiceChat - INFO - 💾 打断回复音频缓存不存在，将在首次使用时生成
2025-11-27 00:21:55,628 - VoiceChat - INFO - ✅ 加载思考回复音频缓存: 好，我知道了，等我想一下
2025-11-27 00:21:55,808 - VoiceChat - WARNING - 设备不支持16000Hz采样率,将使用设备默认采样率: 44100Hz
2025-11-27 00:21:55,809 - VoiceChat - INFO - 使用采样率: 44100Hz
2025-11-27 00:21:55,809 - VoiceChat - INFO - 输出音量: 50%
2025-11-27 00:21:55,809 - VoiceChat - INFO - 语音助手初始化完成
2025-11-27 00:21:55,809 - VoiceChat - INFO - 唤醒词模式已启用，支持的唤醒词: 助手, 你好, 嘿, 小, 小爱, 爱
2025-11-27 00:21:55,809 - VoiceChat - INFO - ============================================================
2025-11-27 00:21:55,810 - VoiceChat - INFO - ✅ 语音对话已自动启动
2025-11-27 00:21:55,810 - VoiceChat - INFO - 🤖 线下语音对话系统启动
2025-11-27 00:21:55,810 - VoiceChat - INFO - ============================================================
2025-11-27 00:21:55,810 - VoiceChat - INFO - 默认输出设备: default
2025-11-27 00:21:55,810 - VoiceChat - INFO - 使用输入设备: 1
2025-11-27 00:21:55,811 - VoiceChat - INFO - 使用输出设备: 10
2025-11-27 00:21:55,811 - VoiceChat - INFO - 按 Ctrl+C 退出程序
2025-11-27 00:21:55,811 - VoiceChat - INFO - ============================================================
2025-11-27 00:21:55,811 - VoiceChat - INFO - 👂 开始连续监听唤醒词...
2025-11-27 00:21:55,812 - VoiceChat - INFO - 👂 唤醒词监听音频流已打开
INFO:     127.0.0.1:55190 - "GET /devices HTTP/1.1" 200 OK
2025-11-27 00:21:57,777 - VoiceChat - INFO - 🎤 监听中... RMS=106, 阈值=160, 说话=False, 静音帧=0
2025-11-27 00:21:59,495 - VoiceChat - INFO - 🎤 监听中... RMS=96, 阈值=160, 说话=False, 静音帧=0
2025-11-27 00:22:01,433 - VoiceChat - INFO - 🎤 监听中... RMS=93, 阈值=160, 说话=False, 静音帧=0
2025-11-27 00:22:03,166 - VoiceChat - INFO - 🎤 监听中... RMS=97, 阈值=160, 说话=False, 静音帧=0
2025-11-27 00:22:05,055 - VoiceChat - INFO - 🎤 监听中... RMS=101, 阈值=160, 说话=False, 静音帧=0
2025-11-27 00:22:06,845 - VoiceChat - INFO - 🎤 监听中... RMS=89, 阈值=160, 说话=False, 静音帧=0
2025-11-27 00:22:07,081 - VoiceChat - INFO - 🗣️ 检测到说话开始 (RMS=233 > 160)
2025-11-27 00:22:07,717 - VoiceChat - INFO - 🔇 静音计数: 10/21
2025-11-27 00:22:07,949 - VoiceChat - INFO - 🔇 静音计数: 20/21
2025-11-27 00:22:07,995 - VoiceChat - INFO - 🎤 检测到语音结束，开始识别... (累计 216 帧, 约5.0秒)
2025-11-27 00:22:08,300 - VoiceChat - INFO - 🗣️ 识别结果: 
2025-11-27 00:22:08,301 - VoiceChat - INFO - ⚠️ 识别结果为空，继续监听...
2025-11-27 00:22:08,918 - VoiceChat - INFO - 🎤 监听中... RMS=100, 阈值=160, 说话=False, 静音帧=0
2025-11-27 00:22:10,804 - VoiceChat - INFO - 🎤 监听中... RMS=102, 阈值=160, 说话=False, 静音帧=0
2025-11-27 00:22:12,738 - VoiceChat - INFO - 🎤 监听中... RMS=97, 阈值=160, 说话=False, 静音帧=0
2025-11-27 00:22:14,744 - VoiceChat - INFO - 🎤 监听中... RMS=90, 阈值=160, 说话=False, 静音帧=0
2025-11-27 00:22:16,584 - VoiceChat - INFO - 🎤 监听中... RMS=107, 阈值=160, 说话=False, 静音帧=0
2025-11-27 00:22:18,470 - VoiceChat - INFO - 🎤 监听中... RMS=95, 阈值=160, 说话=False, 静音帧=0
2025-11-27 00:22:20,282 - VoiceChat - INFO - 🎤 监听中... RMS=96, 阈值=160, 说话=False, 静音帧=0
2025-11-27 00:22:22,000 - VoiceChat - INFO - 🎤 监听中... RMS=84, 阈值=160, 说话=False, 静音帧=0
2025-11-27 00:22:23,838 - VoiceChat - INFO - 🎤 监听中... RMS=111, 阈值=160, 说话=False, 静音帧=0
2025-11-27 00:22:25,418 - VoiceChat - INFO - 🗣️ 检测到说话开始 (RMS=170 > 160)
2025-11-27 00:22:25,772 - VoiceChat - INFO - 🎤 监听中... RMS=108, 阈值=160, 说话=True, 静音帧=7
2025-11-27 00:22:25,844 - VoiceChat - INFO - 🔇 静音计数: 10/21
2025-11-27 00:22:26,244 - VoiceChat - INFO - 🔇 静音计数: 20/21
2025-11-27 00:22:26,244 - VoiceChat - INFO - 🎤 检测到语音结束，开始识别... (累计 216 帧, 约5.0秒)
2025-11-27 00:22:26,902 - VoiceChat - INFO - 🗣️ 识别结果: 
2025-11-27 00:22:26,903 - VoiceChat - INFO - ⚠️ 识别结果为空，继续监听...
2025-11-27 00:22:26,929 - VoiceChat - INFO - 🗣️ 检测到说话开始 (RMS=343 > 160)
2025-11-27 00:22:27,447 - VoiceChat - INFO - 🔇 静音计数: 10/21
2025-11-27 00:22:27,873 - VoiceChat - INFO - 🔇 静音计数: 20/21
2025-11-27 00:22:27,919 - VoiceChat - INFO - 🎤 检测到语音结束，开始识别... (累计 26 帧, 约0.6秒)
2025-11-27 00:22:28,160 - VoiceChat - INFO - 🗣️ 识别结果: 
2025-11-27 00:22:28,160 - VoiceChat - INFO - ⚠️ 识别结果为空，继续监听...
2025-11-27 00:22:28,467 - VoiceChat - INFO - 🎤 监听中... RMS=101, 阈值=160, 说话=False, 静音帧=0
2025-11-27 00:22:30,279 - VoiceChat - INFO - 🎤 监听中... RMS=98, 阈值=160, 说话=False, 静音帧=0
2025-11-27 00:22:31,997 - VoiceChat - INFO - 🎤 监听中... RMS=107, 阈值=160, 说话=False, 静音帧=0
2025-11-27 00:22:33,787 - VoiceChat - INFO - 🎤 监听中... RMS=102, 阈值=160, 说话=False, 静音帧=0
2025-11-27 00:22:35,721 - VoiceChat - INFO - 🎤 监听中... RMS=85, 阈值=160, 说话=False, 静音帧=0
2025-11-27 00:22:37,391 - VoiceChat - INFO - 🎤 监听中... RMS=83, 阈值=160, 说话=False, 静音帧=0
2025-11-27 00:22:39,035 - VoiceChat - INFO - 🎤 监听中... RMS=102, 阈值=160, 说话=False, 静音帧=0
2025-11-27 00:22:39,435 - VoiceChat - INFO - 🗣️ 检测到说话开始 (RMS=160 > 160)
2025-11-27 00:22:39,789 - VoiceChat - INFO - 🔇 静音计数: 10/21
2025-11-27 00:22:40,141 - VoiceChat - INFO - 🔇 静音计数: 20/21
2025-11-27 00:22:40,141 - VoiceChat - INFO - 🎤 检测到语音结束，开始识别... (累计 216 帧, 约5.0秒)
2025-11-27 00:22:40,823 - VoiceChat - INFO - 🗣️ 识别结果: 
2025-11-27 00:22:40,824 - VoiceChat - INFO - ⚠️ 识别结果为空，继续监听...
2025-11-27 00:22:41,533 - VoiceChat - INFO - 🎤 监听中... RMS=96, 阈值=160, 说话=False, 静音帧=0
2025-11-27 00:22:42,147 - VoiceChat - INFO - 🗣️ 检测到说话开始 (RMS=167 > 160)
2025-11-27 00:22:42,899 - VoiceChat - INFO - 🔇 静音计数: 10/21
2025-11-27 00:22:43,251 - VoiceChat - INFO - 🎤 监听中... RMS=163, 阈值=160, 说话=True, 静音帧=6
2025-11-27 00:22:43,603 - VoiceChat - INFO - 🔇 静音计数: 10/21
2025-11-27 00:22:44,311 - VoiceChat - INFO - 🔇 静音计数: 10/21
2025-11-27 00:22:44,737 - VoiceChat - INFO - 🔇 静音计数: 10/21
2025-11-27 00:22:45,137 - VoiceChat - INFO - 🔇 静音计数: 20/21
2025-11-27 00:22:45,137 - VoiceChat - INFO - 🎤 监听中... RMS=98, 阈值=160, 说话=True, 静音帧=20
2025-11-27 00:22:45,137 - VoiceChat - INFO - 🎤 检测到语音结束，开始识别... (累计 119 帧, 约2.8秒)
2025-11-27 00:22:45,650 - VoiceChat - INFO - 🗣️ 识别结果: 
2025-11-27 00:22:45,651 - VoiceChat - INFO - ⚠️ 识别结果为空，继续监听...
2025-11-27 00:22:45,677 - VoiceChat - INFO - 🗣️ 检测到说话开始 (RMS=179 > 160)
2025-11-27 00:22:46,501 - VoiceChat - INFO - 🔇 静音计数: 10/21
2025-11-27 00:22:46,807 - VoiceChat - INFO - 🔇 静音计数: 20/21
2025-11-27 00:22:46,853 - VoiceChat - INFO - 🎤 检测到语音结束，开始识别... (累计 34 帧, 约0.8秒)
2025-11-27 00:22:47,102 - VoiceChat - INFO - 🗣️ 识别结果: 
2025-11-27 00:22:47,103 - VoiceChat - INFO - ⚠️ 识别结果为空，继续监听...
2025-11-27 00:22:47,720 - VoiceChat - INFO - 🎤 监听中... RMS=106, 阈值=160, 说话=False, 静音帧=0
2025-11-27 00:22:49,532 - VoiceChat - INFO - 🎤 监听中... RMS=114, 阈值=160, 说话=False, 静音帧=0
2025-11-27 00:22:51,418 - VoiceChat - INFO - 🎤 监听中... RMS=103, 阈值=160, 说话=False, 静音帧=0
2025-11-27 00:22:53,136 - VoiceChat - INFO - 🎤 监听中... RMS=94, 阈值=160, 说话=False, 静音帧=0
2025-11-27 00:22:55,022 - VoiceChat - INFO - 🎤 监听中... RMS=100, 阈值=160, 说话=False, 静音帧=0
2025-11-27 00:22:56,749 - VoiceChat - INFO - 🎤 监听中... RMS=92, 阈值=160, 说话=False, 静音帧=0
2025-11-27 00:22:56,985 - VoiceChat - INFO - 🗣️ 检测到说话开始 (RMS=160 > 160)
2025-11-27 00:22:57,385 - VoiceChat - INFO - 🔇 静音计数: 10/21
2025-11-27 00:22:57,737 - VoiceChat - INFO - 🔇 静音计数: 20/21
2025-11-27 00:22:57,737 - VoiceChat - INFO - 🎤 检测到语音结束，开始识别... (累计 216 帧, 约5.0秒)
2025-11-27 00:22:58,003 - VoiceChat - INFO - 🗣️ 识别结果: 
2025-11-27 00:22:58,004 - VoiceChat - INFO - ⚠️ 识别结果为空，继续监听...
2025-11-27 00:22:58,857 - VoiceChat - INFO - 🎤 监听中... RMS=96, 阈值=160, 说话=False, 静音帧=0
2025-11-27 00:23:00,669 - VoiceChat - INFO - 🎤 监听中... RMS=90, 阈值=160, 说话=False, 静音帧=0
2025-11-27 00:23:02,435 - VoiceChat - INFO - 🎤 监听中... RMS=108, 阈值=160, 说话=False, 静音帧=0
2025-11-27 00:23:03,733 - VoiceChat - INFO - 🗣️ 检测到说话开始 (RMS=187 > 160)
2025-11-27 00:23:04,159 - VoiceChat - INFO - 🔇 静音计数: 10/21
2025-11-27 00:23:04,441 - VoiceChat - INFO - 🎤 监听中... RMS=93, 阈值=160, 说话=True, 静音帧=16
2025-11-27 00:23:04,559 - VoiceChat - INFO - 🔇 静音计数: 20/21
2025-11-27 00:23:04,559 - VoiceChat - INFO - 🎤 检测到语音结束，开始识别... (累计 176 帧, 约4.1秒)
2025-11-27 00:23:04,825 - VoiceChat - INFO - 🗣️ 识别结果: 
2025-11-27 00:23:04,826 - VoiceChat - INFO - ⚠️ 识别结果为空，继续监听...
2025-11-27 00:23:06,549 - VoiceChat - INFO - 🎤 监听中... RMS=104, 阈值=160, 说话=False, 静音帧=0
2025-11-27 00:23:06,785 - VoiceChat - INFO - 🗣️ 检测到说话开始 (RMS=198 > 160)
2025-11-27 00:23:07,139 - VoiceChat - INFO - 🔇 静音计数: 10/21
2025-11-27 00:23:07,565 - VoiceChat - INFO - 🔇 静音计数: 20/21
2025-11-27 00:23:07,611 - VoiceChat - INFO - 🎤 检测到语音结束，开始识别... (累计 73 帧, 约1.7秒)
2025-11-27 00:23:07,830 - VoiceChat - INFO - 🗣️ 识别结果: 
2025-11-27 00:23:07,831 - VoiceChat - INFO - ⚠️ 识别结果为空，继续监听...
2025-11-27 00:23:08,729 - VoiceChat - INFO - 🎤 监听中... RMS=116, 阈值=160, 说话=False, 静音帧=0
2025-11-27 00:23:10,461 - VoiceChat - INFO - 🎤 监听中... RMS=97, 阈值=160, 说话=False, 静音帧=0
2025-11-27 00:23:12,365 - VoiceChat - INFO - 🎤 监听中... RMS=99, 阈值=160, 说话=False, 静音帧=0
2025-11-27 00:23:14,251 - VoiceChat - INFO - 🎤 监听中... RMS=101, 阈值=160, 说话=False, 静音帧=0
2025-11-27 00:23:16,089 - VoiceChat - INFO - 🎤 监听中... RMS=95, 阈值=160, 说话=False, 静音帧=0
2025-11-27 00:23:18,013 - VoiceChat - INFO - 🎤 监听中... RMS=101, 阈值=160, 说话=False, 静音帧=0
2025-11-27 00:23:20,041 - VoiceChat - INFO - 🎤 监听中... RMS=102, 阈值=160, 说话=False, 静音帧=0
2025-11-27 00:23:21,789 - VoiceChat - INFO - 🎤 监听中... RMS=92, 阈值=160, 说话=False, 静音帧=0
2025-11-27 00:23:23,775 - VoiceChat - INFO - 🎤 监听中... RMS=92, 阈值=160, 说话=False, 静音帧=0
2025-11-27 00:23:25,661 - VoiceChat - INFO - 🎤 监听中... RMS=102, 阈值=160, 说话=False, 静音帧=0
2025-11-27 00:23:27,533 - VoiceChat - INFO - 🎤 监听中... RMS=96, 阈值=160, 说话=False, 静音帧=0
2025-11-27 00:23:29,409 - VoiceChat - INFO - 🎤 监听中... RMS=111, 阈值=160, 说话=False, 静音帧=0
2025-11-27 00:23:31,315 - VoiceChat - INFO - 🎤 监听中... RMS=101, 阈值=160, 说话=False, 静音帧=0
2025-11-27 00:23:33,159 - VoiceChat - INFO - 🎤 监听中... RMS=102, 阈值=160, 说话=False, 静音帧=0
2025-11-27 00:23:34,973 - VoiceChat - INFO - 🎤 监听中... RMS=105, 阈值=160, 说话=False, 静音帧=0
2025-11-27 00:23:36,869 - VoiceChat - INFO - 🎤 监听中... RMS=81, 阈值=160, 说话=False, 静音帧=0
2025-11-27 00:23:38,633 - VoiceChat - INFO - 🎤 监听中... RMS=101, 阈值=160, 说话=False, 静音帧=0
2025-11-27 00:23:40,519 - VoiceChat - INFO - 🎤 监听中... RMS=89, 阈值=160, 说话=False, 静音帧=0
2025-11-27 00:23:42,405 - VoiceChat - INFO - 🎤 监听中... RMS=85, 阈值=160, 说话=False, 静音帧=0
2025-11-27 00:23:44,251 - VoiceChat - INFO - 🎤 监听中... RMS=94, 阈值=160, 说话=False, 静音帧=0
2025-11-27 00:23:46,191 - VoiceChat - INFO - 🎤 监听中... RMS=93, 阈值=160, 说话=False, 静音帧=0
2025-11-27 00:23:48,197 - VoiceChat - INFO - 🎤 监听中... RMS=88, 阈值=160, 说话=False, 静音帧=0
2025-11-27 00:23:50,165 - VoiceChat - INFO - 🎤 监听中... RMS=102, 阈值=160, 说话=False, 静音帧=0
2025-11-27 00:23:51,935 - VoiceChat - INFO - 🎤 监听中... RMS=98, 阈值=160, 说话=False, 静音帧=0
2025-11-27 00:23:53,731 - VoiceChat - INFO - 🎤 监听中... RMS=96, 阈值=160, 说话=False, 静音帧=0
2025-11-27 00:23:55,711 - VoiceChat - INFO - 🎤 监听中... RMS=99, 阈值=160, 说话=False, 静音帧=0
2025-11-27 00:23:57,597 - VoiceChat - INFO - 🎤 监听中... RMS=99, 阈值=160, 说话=False, 静音帧=0
2025-11-27 00:23:59,499 - VoiceChat - INFO - 🎤 监听中... RMS=99, 阈值=160, 说话=False, 静音帧=0
2025-11-27 00:24:01,330 - VoiceChat - INFO - 🎤 监听中... RMS=92, 阈值=160, 说话=False, 静音帧=0
2025-11-27 00:24:01,449 - VoiceChat - INFO - 🗣️ 检测到说话开始 (RMS=354 > 160)
2025-11-27 00:24:01,883 - VoiceChat - INFO - 🔇 静音计数: 10/21
2025-11-27 00:24:02,283 - VoiceChat - INFO - 🔇 静音计数: 20/21
2025-11-27 00:24:02,284 - VoiceChat - INFO - 🎤 检测到语音结束，开始识别... (累计 216 帧, 约5.0秒)
2025-11-27 00:24:02,541 - VoiceChat - INFO - 🗣️ 识别结果: 
2025-11-27 00:24:02,542 - VoiceChat - INFO - ⚠️ 识别结果为空，继续监听...
2025-11-27 00:24:03,558 - VoiceChat - INFO - 🎤 监听中... RMS=99, 阈值=160, 说话=False, 静音帧=0
2025-11-27 00:24:05,284 - VoiceChat - INFO - 🎤 监听中... RMS=106, 阈值=160, 说话=False, 静音帧=0
2025-11-27 00:24:07,291 - VoiceChat - INFO - 🎤 监听中... RMS=90, 阈值=160, 说话=False, 静音帧=0
2025-11-27 00:24:09,358 - VoiceChat - INFO - 🎤 监听中... RMS=106, 阈值=160, 说话=False, 静音帧=0
2025-11-27 00:24:11,217 - VoiceChat - INFO - 🎤 监听中... RMS=98, 阈值=160, 说话=False, 静音帧=0
2025-11-27 00:24:13,050 - VoiceChat - INFO - 🎤 监听中... RMS=88, 阈值=160, 说话=False, 静音帧=0
2025-11-27 00:24:15,034 - VoiceChat - INFO - 🎤 监听中... RMS=93, 阈值=160, 说话=False, 静音帧=0
2025-11-27 00:24:16,847 - VoiceChat - INFO - 🎤 监听中... RMS=89, 阈值=160, 说话=False, 静音帧=0
2025-11-27 00:24:18,829 - VoiceChat - INFO - 🎤 监听中... RMS=94, 阈值=160, 说话=False, 静音帧=0
2025-11-27 00:24:20,605 - VoiceChat - INFO - 🎤 监听中... RMS=93, 阈值=160, 说话=False, 静音帧=0
2025-11-27 00:24:22,417 - VoiceChat - INFO - 🎤 监听中... RMS=89, 阈值=160, 说话=False, 静音帧=0
2025-11-27 00:24:24,407 - VoiceChat - INFO - 🎤 监听中... RMS=98, 阈值=160, 说话=False, 静音帧=0
2025-11-27 00:24:26,233 - VoiceChat - INFO - 🎤 监听中... RMS=96, 阈值=160, 说话=False, 静音帧=0
2025-11-27 00:24:27,999 - VoiceChat - INFO - 🎤 监听中... RMS=106, 阈值=160, 说话=False, 静音帧=0
2025-11-27 00:24:29,717 - VoiceChat - INFO - 🎤 监听中... RMS=82, 阈值=160, 说话=False, 静音帧=0
2025-11-27 00:24:31,723 - VoiceChat - INFO - 🎤 监听中... RMS=102, 阈值=160, 说话=False, 静音帧=0
2025-11-27 00:24:33,609 - VoiceChat - INFO - 🎤 监听中... RMS=98, 阈值=160, 说话=False, 静音帧=0
2025-11-27 00:24:35,205 - VoiceChat - INFO - 🎤 监听中... RMS=89, 阈值=160, 说话=False, 静音帧=0
2025-11-27 00:24:37,091 - VoiceChat - INFO - 🎤 监听中... RMS=86, 阈值=160, 说话=False, 静音帧=0
2025-11-27 00:24:38,979 - VoiceChat - INFO - 🎤 监听中... RMS=110, 阈值=160, 说话=False, 静音帧=0
2025-11-27 00:24:40,817 - VoiceChat - INFO - 🎤 监听中... RMS=106, 阈值=160, 说话=False, 静音帧=0
2025-11-27 00:24:42,639 - VoiceChat - INFO - 🎤 监听中... RMS=106, 阈值=160, 说话=False, 静音帧=0
2025-11-27 00:24:44,579 - VoiceChat - INFO - 🎤 监听中... RMS=89, 阈值=160, 说话=False, 静音帧=0
2025-11-27 00:24:46,427 - VoiceChat - INFO - 🎤 监听中... RMS=94, 阈值=160, 说话=False, 静音帧=0
2025-11-27 00:24:48,331 - VoiceChat - INFO - 🎤 监听中... RMS=102, 阈值=160, 说话=False, 静音帧=0
2025-11-27 00:24:50,217 - VoiceChat - INFO - 🎤 监听中... RMS=93, 阈值=160, 说话=False, 静音帧=0
2025-11-27 00:24:52,235 - VoiceChat - INFO - 🎤 监听中... RMS=109, 阈值=160, 说话=False, 静音帧=0
2025-11-27 00:24:54,001 - VoiceChat - INFO - 🎤 监听中... RMS=90, 阈值=160, 说话=False, 静音帧=0
2025-11-27 00:24:55,843 - VoiceChat - INFO - 🎤 监听中... RMS=110, 阈值=160, 说话=False, 静音帧=0
2025-11-27 00:24:57,787 - VoiceChat - INFO - 🎤 监听中... RMS=89, 阈值=160, 说话=False, 静音帧=0
2025-11-27 00:24:59,605 - VoiceChat - INFO - 🎤 监听中... RMS=98, 阈值=160, 说话=False, 静音帧=0
2025-11-27 00:25:01,347 - VoiceChat - INFO - 🎤 监听中... RMS=100, 阈值=160, 说话=False, 静音帧=0
2025-11-27 00:25:03,239 - VoiceChat - INFO - 🎤 监听中... RMS=99, 阈值=160, 说话=False, 静音帧=0
2025-11-27 00:25:03,875 - VoiceChat - INFO - 🗣️ 检测到说话开始 (RMS=273 > 160)
2025-11-27 00:25:04,239 - VoiceChat - INFO - 🔇 静音计数: 10/21
2025-11-27 00:25:04,611 - VoiceChat - INFO - 🔇 静音计数: 20/21
2025-11-27 00:25:04,683 - VoiceChat - INFO - 🎤 检测到语音结束，开始识别... (累计 216 帧, 约5.0秒)
2025-11-27 00:25:04,937 - VoiceChat - INFO - 🗣️ 识别结果: 
2025-11-27 00:25:04,938 - VoiceChat - INFO - ⚠️ 识别结果为空，继续监听...
2025-11-27 00:25:05,318 - VoiceChat - INFO - 🗣️ 检测到说话开始 (RMS=235 > 160)
2025-11-27 00:25:05,436 - VoiceChat - INFO - 🎤 监听中... RMS=121, 阈值=160, 说话=True, 静音帧=0
2025-11-27 00:25:05,790 - VoiceChat - INFO - 🔇 静音计数: 10/21
2025-11-27 00:25:06,190 - VoiceChat - INFO - 🔇 静音计数: 20/21
2025-11-27 00:25:06,190 - VoiceChat - INFO - 🎤 检测到语音结束，开始识别... (累计 33 帧, 约0.8秒)
2025-11-27 00:25:06,401 - VoiceChat - INFO - 🗣️ 识别结果: 
2025-11-27 00:25:06,402 - VoiceChat - INFO - ⚠️ 识别结果为空，继续监听...
2025-11-27 00:25:07,493 - VoiceChat - INFO - 🎤 监听中... RMS=97, 阈值=160, 说话=False, 静音帧=0
2025-11-27 00:25:09,137 - VoiceChat - INFO - 🎤 监听中... RMS=101, 阈值=160, 说话=False, 静音帧=0
2025-11-27 00:25:10,847 - VoiceChat - INFO - 🎤 监听中... RMS=98, 阈值=160, 说话=False, 静音帧=0
2025-11-27 00:25:10,965 - VoiceChat - INFO - 🗣️ 检测到说话开始 (RMS=636 > 160)
2025-11-27 00:25:11,863 - VoiceChat - INFO - 🔇 静音计数: 10/21
2025-11-27 00:25:12,263 - VoiceChat - INFO - 🔇 静音计数: 20/21
2025-11-27 00:25:12,264 - VoiceChat - INFO - 🎤 检测到语音结束，开始识别... (累计 166 帧, 约3.9秒)
2025-11-27 00:25:12,557 - VoiceChat - INFO - 🗣️ 识别结果: 
2025-11-27 00:25:12,557 - VoiceChat - INFO - ⚠️ 识别结果为空，继续监听...
2025-11-27 00:25:13,107 - VoiceChat - INFO - 🎤 监听中... RMS=90, 阈值=160, 说话=False, 静音帧=0
2025-11-27 00:25:14,993 - VoiceChat - INFO - 🎤 监听中... RMS=91, 阈值=160, 说话=False, 静音帧=0
2025-11-27 00:25:16,903 - VoiceChat - INFO - 🎤 监听中... RMS=100, 阈值=160, 说话=False, 静音帧=0
2025-11-27 00:25:18,699 - VoiceChat - INFO - 🎤 监听中... RMS=112, 阈值=160, 说话=False, 静音帧=0
2025-11-27 00:25:20,655 - VoiceChat - INFO - 🗣️ 检测到说话开始 (RMS=1475 > 160)
2025-11-27 00:25:20,779 - VoiceChat - INFO - 🎤 监听中... RMS=2000, 阈值=160, 说话=True, 静音帧=0
2025-11-27 00:25:21,865 - VoiceChat - INFO - 🔇 静音计数: 10/21
2025-11-27 00:25:22,317 - VoiceChat - INFO - 🔇 静音计数: 20/21
2025-11-27 00:25:22,363 - VoiceChat - INFO - 🎤 检测到语音结束，开始识别... (累计 216 帧, 约5.0秒)
2025-11-27 00:25:22,609 - VoiceChat - INFO - 🗣️ 识别结果: 
2025-11-27 00:25:22,610 - VoiceChat - INFO - ⚠️ 识别结果为空，继续监听...
2025-11-27 00:25:22,923 - VoiceChat - INFO - 🎤 监听中... RMS=98, 阈值=160, 说话=False, 静音帧=0
2025-11-27 00:25:24,887 - VoiceChat - INFO - 🎤 监听中... RMS=96, 阈值=160, 说话=False, 静音帧=0
2025-11-27 00:25:26,847 - VoiceChat - INFO - 🎤 监听中... RMS=140, 阈值=160, 说话=False, 静音帧=0
2025-11-27 00:25:28,683 - VoiceChat - INFO - 🎤 监听中... RMS=105, 阈值=160, 说话=False, 静音帧=0
2025-11-27 00:25:30,519 - VoiceChat - INFO - 🎤 监听中... RMS=113, 阈值=160, 说话=False, 静音帧=0
2025-11-27 00:25:32,429 - VoiceChat - INFO - 🎤 监听中... RMS=105, 阈值=160, 说话=False, 静音帧=0
2025-11-27 00:25:34,453 - VoiceChat - INFO - 🎤 监听中... RMS=92, 阈值=160, 说话=False, 静音帧=0
2025-11-27 00:25:36,395 - VoiceChat - INFO - 🎤 监听中... RMS=92, 阈值=160, 说话=False, 静音帧=0
2025-11-27 00:25:38,367 - VoiceChat - INFO - 🎤 监听中... RMS=91, 阈值=160, 说话=False, 静音帧=0
2025-11-27 00:25:39,977 - VoiceChat - INFO - 🗣️ 检测到说话开始 (RMS=603 > 160)
2025-11-27 00:25:40,455 - VoiceChat - INFO - 🎤 监听中... RMS=150, 阈值=160, 说话=True, 静音帧=0
2025-11-27 00:25:41,144 - VoiceChat - INFO - 🔇 静音计数: 10/21
2025-11-27 00:25:41,484 - VoiceChat - INFO - 🔇 静音计数: 20/21
2025-11-27 00:25:41,508 - VoiceChat - INFO - 🎤 检测到语音结束，开始识别... (累计 216 帧, 约5.0秒)
2025-11-27 00:25:41,765 - VoiceChat - INFO - 🗣️ 识别结果: 
2025-11-27 00:25:41,766 - VoiceChat - INFO - ⚠️ 识别结果为空，继续监听...
2025-11-27 00:25:42,516 - VoiceChat - INFO - 🎤 监听中... RMS=93, 阈值=160, 说话=False, 静音帧=0
2025-11-27 00:25:44,514 - VoiceChat - INFO - 🎤 监听中... RMS=105, 阈值=160, 说话=False, 静音帧=0
2025-11-27 00:25:46,456 - VoiceChat - INFO - 🎤 监听中... RMS=96, 阈值=160, 说话=False, 静音帧=0
2025-11-27 00:25:48,351 - VoiceChat - INFO - 🎤 监听中... RMS=99, 阈值=160, 说话=False, 静音帧=0
2025-11-27 00:25:50,300 - VoiceChat - INFO - 🎤 监听中... RMS=95, 阈值=160, 说话=False, 静音帧=0
2025-11-27 00:25:52,326 - VoiceChat - INFO - 🎤 监听中... RMS=99, 阈值=160, 说话=False, 静音帧=0
2025-11-27 00:25:54,348 - VoiceChat - INFO - 🎤 监听中... RMS=99, 阈值=160, 说话=False, 静音帧=0
2025-11-27 00:25:56,363 - VoiceChat - INFO - 🎤 监听中... RMS=96, 阈值=160, 说话=False, 静音帧=0
2025-11-27 00:25:58,215 - VoiceChat - INFO - 🎤 监听中... RMS=86, 阈值=160, 说话=False, 静音帧=0
2025-11-27 00:25:59,962 - VoiceChat - INFO - 🎤 监听中... RMS=93, 阈值=160, 说话=False, 静音帧=0
2025-11-27 00:26:01,816 - VoiceChat - INFO - 🎤 监听中... RMS=94, 阈值=160, 说话=False, 静音帧=0
2025-11-27 00:26:03,605 - VoiceChat - INFO - 🎤 监听中... RMS=93, 阈值=160, 说话=False, 静音帧=0
2025-11-27 00:26:05,561 - VoiceChat - INFO - 🎤 监听中... RMS=110, 阈值=160, 说话=False, 静音帧=0
2025-11-27 00:26:07,419 - VoiceChat - INFO - 🎤 监听中... RMS=102, 阈值=160, 说话=False, 静音帧=0
2025-11-27 00:26:09,219 - VoiceChat - INFO - 🎤 监听中... RMS=95, 阈值=160, 说话=False, 静音帧=0
2025-11-27 00:26:11,047 - VoiceChat - INFO - 🎤 监听中... RMS=93, 阈值=160, 说话=False, 静音帧=0
2025-11-27 00:26:12,999 - VoiceChat - INFO - 🎤 监听中... RMS=95, 阈值=160, 说话=False, 静音帧=0
2025-11-27 00:26:14,911 - VoiceChat - INFO - 🎤 监听中... RMS=102, 阈值=160, 说话=False, 静音帧=0
2025-11-27 00:26:16,977 - VoiceChat - INFO - 🎤 监听中... RMS=96, 阈值=160, 说话=False, 静音帧=0
2025-11-27 00:26:18,881 - VoiceChat - INFO - 🎤 监听中... RMS=102, 阈值=160, 说话=False, 静音帧=0
2025-11-27 00:26:20,885 - VoiceChat - INFO - 🎤 监听中... RMS=99, 阈值=160, 说话=False, 静音帧=0
2025-11-27 00:26:21,197 - VoiceChat - INFO - 🗣️ 检测到说话开始 (RMS=190 > 160)
2025-11-27 00:26:21,615 - VoiceChat - INFO - 🔇 静音计数: 10/21
2025-11-27 00:26:21,979 - VoiceChat - INFO - 🔇 静音计数: 20/21
2025-11-27 00:26:22,057 - VoiceChat - INFO - 🎤 检测到语音结束，开始识别... (累计 216 帧, 约5.0秒)
2025-11-27 00:26:22,309 - VoiceChat - INFO - 🗣️ 识别结果: 
2025-11-27 00:26:22,310 - VoiceChat - INFO - ⚠️ 识别结果为空，继续监听...
2025-11-27 00:26:23,209 - VoiceChat - INFO - 🎤 监听中... RMS=97, 阈值=160, 说话=False, 静音帧=0
2025-11-27 00:26:24,595 - VoiceChat - INFO - 🗣️ 检测到说话开始 (RMS=162 > 160)
2025-11-27 00:26:25,045 - VoiceChat - INFO - 🔇 静音计数: 10/21
2025-11-27 00:26:25,215 - VoiceChat - INFO - 🎤 监听中... RMS=111, 阈值=160, 说话=True, 静音帧=14
2025-11-27 00:26:25,457 - VoiceChat - INFO - 🔇 静音计数: 20/21
2025-11-27 00:26:25,457 - VoiceChat - INFO - 🎤 检测到语音结束，开始识别... (累计 78 帧, 约1.8秒)
2025-11-27 00:26:25,674 - VoiceChat - INFO - 🗣️ 识别结果: 
2025-11-27 00:26:25,675 - VoiceChat - INFO - ⚠️ 识别结果为空，继续监听...
2025-11-27 00:26:27,483 - VoiceChat - INFO - 🎤 监听中... RMS=94, 阈值=160, 说话=False, 静音帧=0
2025-11-27 00:26:27,959 - VoiceChat - INFO - 🗣️ 检测到说话开始 (RMS=178 > 160)
2025-11-27 00:26:28,443 - VoiceChat - INFO - 🔇 静音计数: 10/21
2025-11-27 00:26:28,893 - VoiceChat - INFO - 🔇 静音计数: 20/21
2025-11-27 00:26:29,251 - VoiceChat - INFO - 🔇 静音计数: 10/21
2025-11-27 00:26:29,297 - VoiceChat - INFO - 🎤 监听中... RMS=144, 阈值=160, 说话=True, 静音帧=11
2025-11-27 00:26:31,223 - VoiceChat - INFO - 🎤 监听中... RMS=141, 阈值=160, 说话=True, 静音帧=1
2025-11-27 00:26:31,897 - VoiceChat - INFO - 🔇 静音计数: 10/21
2025-11-27 00:26:32,307 - VoiceChat - INFO - 🔇 静音计数: 20/21
2025-11-27 00:26:32,307 - VoiceChat - INFO - 🎤 检测到语音结束，开始识别... (累计 175 帧, 约4.1秒)
2025-11-27 00:26:32,558 - VoiceChat - INFO - 🗣️ 识别结果: 
2025-11-27 00:26:32,559 - VoiceChat - INFO - ⚠️ 识别结果为空，继续监听...
2025-11-27 00:26:32,585 - VoiceChat - INFO - 🗣️ 检测到说话开始 (RMS=162 > 160)
2025-11-27 00:26:32,995 - VoiceChat - INFO - 🔇 静音计数: 10/21
2025-11-27 00:26:33,235 - VoiceChat - INFO - 🎤 监听中... RMS=100, 阈值=160, 说话=True, 静音帧=17
2025-11-27 00:26:33,313 - VoiceChat - INFO - 🔇 静音计数: 20/21
2025-11-27 00:26:33,359 - VoiceChat - INFO - 🎤 检测到语音结束，开始识别... (累计 22 帧, 约0.5秒)
2025-11-27 00:26:33,555 - VoiceChat - INFO - 🗣️ 识别结果: 
2025-11-27 00:26:33,556 - VoiceChat - INFO - ⚠️ 识别结果为空，继续监听...
2025-11-27 00:26:34,545 - VoiceChat - INFO - 🗣️ 检测到说话开始 (RMS=316 > 160)
2025-11-27 00:26:35,275 - VoiceChat - INFO - 🎤 监听中... RMS=147, 阈值=160, 说话=True, 静音帧=0
2025-11-27 00:26:35,669 - VoiceChat - INFO - 🔇 静音计数: 10/21
2025-11-27 00:26:35,979 - VoiceChat - INFO - 🔇 静音计数: 20/21
2025-11-27 00:26:35,979 - VoiceChat - INFO - 🎤 检测到语音结束，开始识别... (累计 75 帧, 约1.7秒)
2025-11-27 00:26:36,186 - VoiceChat - INFO - 🗣️ 识别结果: 
2025-11-27 00:26:36,186 - VoiceChat - INFO - ⚠️ 识别结果为空，继续监听...
2025-11-27 00:26:37,069 - VoiceChat - INFO - 🎤 监听中... RMS=99, 阈值=160, 说话=False, 静音帧=0
2025-11-27 00:26:38,699 - VoiceChat - INFO - 🎤 监听中... RMS=89, 阈值=160, 说话=False, 静音帧=0
2025-11-27 00:26:40,459 - VoiceChat - INFO - 🎤 监听中... RMS=97, 阈值=160, 说话=False, 静音帧=0
2025-11-27 00:26:42,391 - VoiceChat - INFO - 🎤 监听中... RMS=98, 阈值=160, 说话=False, 静音帧=0
2025-11-27 00:26:44,313 - VoiceChat - INFO - 🎤 监听中... RMS=102, 阈值=160, 说话=False, 静音帧=0
2025-11-27 00:26:46,051 - VoiceChat - INFO - 🎤 监听中... RMS=85, 阈值=160, 说话=False, 静音帧=0
2025-11-27 00:26:48,023 - VoiceChat - INFO - 🎤 监听中... RMS=95, 阈值=160, 说话=False, 静音帧=0
2025-11-27 00:26:49,877 - VoiceChat - INFO - 🎤 监听中... RMS=99, 阈值=160, 说话=False, 静音帧=0
2025-11-27 00:26:51,833 - VoiceChat - INFO - 🎤 监听中... RMS=131, 阈值=160, 说话=False, 静音帧=0
2025-11-27 00:26:53,853 - VoiceChat - INFO - 🎤 监听中... RMS=106, 阈值=160, 说话=False, 静音帧=0
2025-11-27 00:26:55,663 - VoiceChat - INFO - 🎤 监听中... RMS=96, 阈值=160, 说话=False, 静音帧=0
2025-11-27 00:26:57,615 - VoiceChat - INFO - 🎤 监听中... RMS=97, 阈值=160, 说话=False, 静音帧=0
2025-11-27 00:26:59,681 - VoiceChat - INFO - 🎤 监听中... RMS=97, 阈值=160, 说话=False, 静音帧=0
2025-11-27 00:27:01,455 - VoiceChat - INFO - 🎤 监听中... RMS=101, 阈值=160, 说话=False, 静音帧=0
2025-11-27 00:27:03,427 - VoiceChat - INFO - 🎤 监听中... RMS=105, 阈值=160, 说话=False, 静音帧=0
2025-11-27 00:27:05,391 - VoiceChat - INFO - 🎤 监听中... RMS=97, 阈值=160, 说话=False, 静音帧=0
2025-11-27 00:27:07,323 - VoiceChat - INFO - 🎤 监听中... RMS=99, 阈值=160, 说话=False, 静音帧=0
2025-11-27 00:27:09,286 - VoiceChat - INFO - 🎤 监听中... RMS=98, 阈值=160, 说话=False, 静音帧=0
2025-11-27 00:27:11,056 - VoiceChat - INFO - 🎤 监听中... RMS=107, 阈值=160, 说话=False, 静音帧=0
2025-11-27 00:27:12,744 - VoiceChat - INFO - 🎤 监听中... RMS=95, 阈值=160, 说话=False, 静音帧=0
2025-11-27 00:27:14,624 - VoiceChat - INFO - 🎤 监听中... RMS=92, 阈值=160, 说话=False, 静音帧=0
2025-11-27 00:27:16,674 - VoiceChat - INFO - 🎤 监听中... RMS=91, 阈值=160, 说话=False, 静音帧=0
2025-11-27 00:27:18,704 - VoiceChat - INFO - 🎤 监听中... RMS=104, 阈值=160, 说话=False, 静音帧=0
2025-11-27 00:27:20,600 - VoiceChat - INFO - 🎤 监听中... RMS=100, 阈值=160, 说话=False, 静音帧=0
2025-11-27 00:27:22,526 - VoiceChat - INFO - 🎤 监听中... RMS=89, 阈值=160, 说话=False, 静音帧=0
2025-11-27 00:27:24,358 - VoiceChat - INFO - 🎤 监听中... RMS=109, 阈值=160, 说话=False, 静音帧=0
2025-11-27 00:27:26,241 - VoiceChat - INFO - 🎤 监听中... RMS=88, 阈值=160, 说话=False, 静音帧=0
2025-11-27 00:27:28,108 - VoiceChat - INFO - 🎤 监听中... RMS=101, 阈值=160, 说话=False, 静音帧=0
2025-11-27 00:27:30,057 - VoiceChat - INFO - 🎤 监听中... RMS=103, 阈值=160, 说话=False, 静音帧=0
2025-11-27 00:27:32,031 - VoiceChat - INFO - 🎤 监听中... RMS=102, 阈值=160, 说话=False, 静音帧=0
2025-11-27 00:27:34,073 - VoiceChat - INFO - 🎤 监听中... RMS=110, 阈值=160, 说话=False, 静音帧=0
2025-11-27 00:27:35,995 - VoiceChat - INFO - 🎤 监听中... RMS=97, 阈值=160, 说话=False, 静音帧=0
2025-11-27 00:27:37,803 - VoiceChat - INFO - 🎤 监听中... RMS=88, 阈值=160, 说话=False, 静音帧=0
2025-11-27 00:27:39,811 - VoiceChat - INFO - 🎤 监听中... RMS=86, 阈值=160, 说话=False, 静音帧=0
2025-11-27 00:27:41,651 - VoiceChat - INFO - 🎤 监听中... RMS=96, 阈值=160, 说话=False, 静音帧=0
2025-11-27 00:27:43,447 - VoiceChat - INFO - 🎤 监听中... RMS=94, 阈值=160, 说话=False, 静音帧=0
2025-11-27 00:27:45,305 - VoiceChat - INFO - 🎤 监听中... RMS=95, 阈值=160, 说话=False, 静音帧=0
2025-11-27 00:27:47,135 - VoiceChat - INFO - 🎤 监听中... RMS=99, 阈值=160, 说话=False, 静音帧=0
2025-11-27 00:27:48,773 - VoiceChat - INFO - 🎤 监听中... RMS=104, 阈值=160, 说话=False, 静音帧=0
2025-11-27 00:27:50,755 - VoiceChat - INFO - 🎤 监听中... RMS=99, 阈值=160, 说话=False, 静音帧=0
2025-11-27 00:27:50,833 - VoiceChat - INFO - 🗣️ 检测到说话开始 (RMS=327 > 160)
2025-11-27 00:27:51,933 - VoiceChat - INFO - 🔇 静音计数: 10/21
2025-11-27 00:27:52,351 - VoiceChat - INFO - 🔇 静音计数: 20/21
2025-11-27 00:27:52,351 - VoiceChat - INFO - 🎤 检测到语音结束，开始识别... (累计 216 帧, 约5.0秒)
2025-11-27 00:27:52,591 - VoiceChat - INFO - 🗣️ 识别结果: 
2025-11-27 00:27:52,592 - VoiceChat - INFO - ⚠️ 识别结果为空，继续监听...
2025-11-27 00:27:52,989 - VoiceChat - INFO - 🎤 监听中... RMS=104, 阈值=160, 说话=False, 静音帧=0
2025-11-27 00:27:54,957 - VoiceChat - INFO - 🎤 监听中... RMS=93, 阈值=160, 说话=False, 静音帧=0
2025-11-27 00:27:56,857 - VoiceChat - INFO - 🎤 监听中... RMS=105, 阈值=160, 说话=False, 静音帧=0
2025-11-27 00:27:58,681 - VoiceChat - INFO - 🎤 监听中... RMS=85, 阈值=160, 说话=False, 静音帧=0
2025-11-27 00:28:00,189 - VoiceChat - INFO - 🎤 监听中... RMS=81, 阈值=160, 说话=False, 静音帧=0
