/usr/local/miniconda3/lib/python3.9/site-packages/torch_npu/dynamo/__init__.py:18: UserWarning: Register eager implementation for the 'npu' backend of dynamo, as torch_npu was not compiled with torchair.
  warnings.warn(
2025-11-26 16:43:05,396 - MemoryService - INFO - 设备检测: 成功切换到昇腾 NPU
2025-11-26 16:43:05,406 - sentence_transformers.SentenceTransformer - INFO - Load pretrained SentenceTransformer: /home/HwHiAiUser/ai_助手/model/models--moka-ai--m3e-small/snapshots/44c696631b2a8c200220aaaad5f987f096e986df
/usr/local/miniconda3/lib/python3.9/site-packages/torch/_utils.py:831: UserWarning: TypedStorage is deprecated. It will be removed in the future and UntypedStorage will be the only storage class. This should only matter to you if you are using storages directly.  To access UntypedStorage directly, use tensor.untyped_storage() instead of tensor.storage()
  return self.fget.__get__(instance, owner)()
2025-11-26 16:43:27,476 - MemoryService - INFO - 成功加载 sentence-transformers 模型到设备: npu:0
INFO:     Started server process [236207]
INFO:     Waiting for application startup.
INFO:     Application startup complete.
INFO:     Uvicorn running on http://0.0.0.0:5006 (Press CTRL+C to quit)
[ERROR] TBE Subprocess[task_distribute] raise error[], main process disappeared!
[ERROR] TBE Subprocess[task_distribute] raise error[], main process disappeared!
[ERROR] TBE Subprocess[task_distribute] raise error[], main process disappeared!
[ERROR] TBE Subprocess[task_distribute] raise error[], main process disappeared!
[ERROR] TBE Subprocess[task_distribute] raise error[], main process disappeared!
[ERROR] TBE Subprocess[task_distribute] raise error[], main process disappeared!
[ERROR] TBE Subprocess[task_distribute] raise error[], main process disappeared!
[ERROR] TBE Subprocess[task_distribute] raise error[], main process disappeared!
INFO:     Shutting down
INFO:     Waiting for application shutdown.
INFO:     Application shutdown complete.
INFO:     Finished server process [236207]
/usr/local/miniconda3/lib/python3.9/multiprocessing/resource_tracker.py:216: UserWarning: resource_tracker: There appear to be 30 leaked semaphore objects to clean up at shutdown
  warnings.warn('resource_tracker: There appear to be %d '
